0 info it worked if it ends with ok
1 verbose cli [ 'C:\\Program Files\\nodejs\\node.exe',
1 verbose cli   'C:\\Program Files\\nodejs\\node_modules\\npm\\bin\\npm-cli.js',
1 verbose cli   'run',
1 verbose cli   'front-test' ]
2 info using npm@3.10.10
3 info using node@v6.11.3
4 verbose run-script [ 'prefront-test', 'front-test', 'postfront-test' ]
5 info lifecycle shyft-web-app-dev-2.0@0.0.0~prefront-test: shyft-web-app-dev-2.0@0.0.0
6 silly lifecycle shyft-web-app-dev-2.0@0.0.0~prefront-test: no script for prefront-test, continuing
7 info lifecycle shyft-web-app-dev-2.0@0.0.0~front-test: shyft-web-app-dev-2.0@0.0.0
8 verbose lifecycle shyft-web-app-dev-2.0@0.0.0~front-test: unsafe-perm in lifecycle true
9 verbose lifecycle shyft-web-app-dev-2.0@0.0.0~front-test: PATH: C:\Program Files\nodejs\node_modules\npm\bin\node-gyp-bin;C:\Users\CJ O'Sullivan\Desktop\Shyft Fron End Versions\shyft-frontend\node_modules\.bin;C:\ProgramData\Oracle\Java\javapath;C:\Program Files (x86)\Intel\iCLS Client\;C:\Program Files\Intel\iCLS Client\;C:\Windows\system32;C:\Windows;C:\Windows\System32\Wbem;C:\Windows\System32\WindowsPowerShell\v1.0\;C:\Program Files (x86)\Intel\Intel(R) Management Engine Components\DAL;C:\Program Files\Intel\Intel(R) Management Engine Components\DAL;C:\Program Files (x86)\Intel\Intel(R) Management Engine Components\IPT;C:\Program Files\Intel\Intel(R) Management Engine Components\IPT;C:\Program Files (x86)\NVIDIA Corporation\PhysX\Common;C:\WINDOWS\system32;C:\WINDOWS;C:\WINDOWS\System32\Wbem;C:\WINDOWS\System32\WindowsPowerShell\v1.0\;C:\Program Files\Intel\WiFi\bin\;C:\Program Files\Common Files\Intel\WirelessCommon\;C:\Program Files (x86)\GtkSharp\2.12\bin;C:\Program Files\Git\cmd;C:\Program Files\nodejs\;C:\Program Files (x86)\Yarn\bin;C:\Program Files\MongoDB\Server\3.4\bin;C:\Users\CJ O'Sullivan\AppData\Local\Microsoft\WindowsApps;C:\Users\CJ O'Sullivan\AppData\Roaming\npm;C:\Users\CJ O'Sullivan\AppData\Local\Yarn\bin;
10 verbose lifecycle shyft-web-app-dev-2.0@0.0.0~front-test: CWD: C:\Users\CJ O'Sullivan\Desktop\Shyft Fron End Versions\shyft-frontend
11 silly lifecycle shyft-web-app-dev-2.0@0.0.0~front-test: Args: [ '/d /s /c', 'mocha test/acceptance/' ]
12 silly lifecycle shyft-web-app-dev-2.0@0.0.0~front-test: Returned: code: 2  signal: null
13 info lifecycle shyft-web-app-dev-2.0@0.0.0~front-test: Failed to exec front-test script
14 verbose stack Error: shyft-web-app-dev-2.0@0.0.0 front-test: `mocha test/acceptance/`
14 verbose stack Exit status 2
14 verbose stack     at EventEmitter.<anonymous> (C:\Program Files\nodejs\node_modules\npm\lib\utils\lifecycle.js:255:16)
14 verbose stack     at emitTwo (events.js:106:13)
14 verbose stack     at EventEmitter.emit (events.js:191:7)
14 verbose stack     at ChildProcess.<anonymous> (C:\Program Files\nodejs\node_modules\npm\lib\utils\spawn.js:40:14)
14 verbose stack     at emitTwo (events.js:106:13)
14 verbose stack     at ChildProcess.emit (events.js:191:7)
14 verbose stack     at maybeClose (internal/child_process.js:920:16)
14 verbose stack     at Process.ChildProcess._handle.onexit (internal/child_process.js:230:5)
15 verbose pkgid shyft-web-app-dev-2.0@0.0.0
16 verbose cwd C:\Users\CJ O'Sullivan\Desktop\Shyft Fron End Versions\shyft-frontend
17 error Windows_NT 10.0.16299
18 error argv "C:\\Program Files\\nodejs\\node.exe" "C:\\Program Files\\nodejs\\node_modules\\npm\\bin\\npm-cli.js" "run" "front-test"
19 error node v6.11.3
20 error npm  v3.10.10
21 error code ELIFECYCLE
22 error shyft-web-app-dev-2.0@0.0.0 front-test: `mocha test/acceptance/`
22 error Exit status 2
23 error Failed at the shyft-web-app-dev-2.0@0.0.0 front-test script 'mocha test/acceptance/'.
23 error Make sure you have the latest version of node.js and npm installed.
23 error If you do, this is most likely a problem with the shyft-web-app-dev-2.0 package,
23 error not with npm itself.
23 error Tell the author that this fails on your system:
23 error     mocha test/acceptance/
23 error You can get information on how to open an issue for this project with:
23 error     npm bugs shyft-web-app-dev-2.0
23 error Or if that isn't available, you can get their info via:
23 error     npm owner ls shyft-web-app-dev-2.0
23 error There is likely additional logging output above.
24 verbose exit [ 1, true ]
